<?xml version="1.0" encoding="UTF-8"?>
<!-- Generated by org.testng.reporters.JUnitXMLReporter -->
<testsuite hostname="DESKTOP-JHJRVJ9" ignored="0" name="TestN" tests="3" failures="0" timestamp="2019-09-03T16:11:52 EDT" time="0.161" errors="0">
  <testcase name="Writetestcase" time="0.031" classname="com.selenium.TestN"/>
  <testcase name="Execute_test" time="0.015" classname="com.selenium.TestN">
    <skipped/>
  </testcase> <!-- Execute_test -->
  <testcase name="Defect_log" time="0.0" classname="com.selenium.TestN">
    <skipped/>
  </testcase> <!-- Defect_log -->
</testsuite> <!-- TestN -->
